/software/openmc/miniconda3/envs/omc_v0.13.0/lib/python3.8/site-packages/openmc/mixin.py:67: IDWarning: Another Filter instance already exists with id=25.
  warn(msg, IDWarning)
/software/openmc/miniconda3/envs/omc_v0.13.0/lib/python3.8/site-packages/openmc/mixin.py:67: IDWarning: Another Filter instance already exists with id=2.
  warn(msg, IDWarning)
/software/openmc/miniconda3/envs/omc_v0.13.0/lib/python3.8/site-packages/openmc/mixin.py:67: IDWarning: Another Filter instance already exists with id=10.
  warn(msg, IDWarning)
/software/openmc/miniconda3/envs/omc_v0.13.0/lib/python3.8/site-packages/openmc/mixin.py:67: IDWarning: Another Filter instance already exists with id=58.
  warn(msg, IDWarning)
/software/openmc/miniconda3/envs/omc_v0.13.0/lib/python3.8/site-packages/openmc/mixin.py:67: IDWarning: Another Filter instance already exists with id=15.
  warn(msg, IDWarning)
/software/openmc/miniconda3/envs/omc_v0.13.0/lib/python3.8/site-packages/openmc/mixin.py:67: IDWarning: Another Filter instance already exists with id=124.
  warn(msg, IDWarning)
/software/openmc/miniconda3/envs/omc_v0.13.0/lib/python3.8/site-packages/openmc/mixin.py:67: IDWarning: Another Filter instance already exists with id=11.
  warn(msg, IDWarning)
/beegfs1/home/tfei/MSR/Workshop/XSLib/isotxs.py:1190: UserWarning: Obtaining EFISS data from OpenMC is not supported without a pre-release version of OpenMC v0.13
  warnings.warn(msg)
                                %%%%%%%%%%%%%%%
                           %%%%%%%%%%%%%%%%%%%%%%%%
                        %%%%%%%%%%%%%%%%%%%%%%%%%%%%%%
                      %%%%%%%%%%%%%%%%%%%%%%%%%%%%%%%%%%
                    %%%%%%%%%%%%%%%%%%%%%%%%%%%%%%%%%%%%%%
                   %%%%%%%%%%%%%%%%%%%%%%%%%%%%%%%%%%%%%%%%
                                    %%%%%%%%%%%%%%%%%%%%%%%%
                                     %%%%%%%%%%%%%%%%%%%%%%%%
                 ###############      %%%%%%%%%%%%%%%%%%%%%%%%
                ##################     %%%%%%%%%%%%%%%%%%%%%%%
                ###################     %%%%%%%%%%%%%%%%%%%%%%%
                ####################     %%%%%%%%%%%%%%%%%%%%%%
                #####################     %%%%%%%%%%%%%%%%%%%%%
                ######################     %%%%%%%%%%%%%%%%%%%%
                #######################     %%%%%%%%%%%%%%%%%%
                 #######################     %%%%%%%%%%%%%%%%%
                 ######################     %%%%%%%%%%%%%%%%%
                  ####################     %%%%%%%%%%%%%%%%%
                    #################     %%%%%%%%%%%%%%%%%
                     ###############     %%%%%%%%%%%%%%%%
                       ############     %%%%%%%%%%%%%%%
                          ########     %%%%%%%%%%%%%%
                                      %%%%%%%%%%%

                 | The OpenMC Monte Carlo Code
       Copyright | 2011-2022 MIT, UChicago Argonne LLC, and contributors
         License | https://docs.openmc.org/en/latest/license.html
         Version | 0.13.0
        Git SHA1 | cff247e35785e7236d67ccf64a3401f0fc50a469
       Date/Time | 2024-03-12 15:39:47
   MPI Processes | 1
  OpenMP Threads | 80

 Reading settings XML file...
 Reading cross sections XML file...
 Reading materials XML file...
 Reading geometry XML file...
 Reading tallies XML file...
 Preparing distributed cell instances...
 Reading plot XML file...

 =======================>     PLOTTING SUMMARY     <========================

Plot ID: 1
Plot file: plot_1.png
Universe depth: -1
Plot Type: Slice
Origin: 0 0 85.09
Width: 140.97 140.97
Coloring: Materials
Basis: XY
Pixels: 8000 8000

 Processing plot 1: plot_1.png...
                                %%%%%%%%%%%%%%%
                           %%%%%%%%%%%%%%%%%%%%%%%%
                        %%%%%%%%%%%%%%%%%%%%%%%%%%%%%%
                      %%%%%%%%%%%%%%%%%%%%%%%%%%%%%%%%%%
                    %%%%%%%%%%%%%%%%%%%%%%%%%%%%%%%%%%%%%%
                   %%%%%%%%%%%%%%%%%%%%%%%%%%%%%%%%%%%%%%%%
                                    %%%%%%%%%%%%%%%%%%%%%%%%
                                     %%%%%%%%%%%%%%%%%%%%%%%%
                 ###############      %%%%%%%%%%%%%%%%%%%%%%%%
                ##################     %%%%%%%%%%%%%%%%%%%%%%%
                ###################     %%%%%%%%%%%%%%%%%%%%%%%
                ####################     %%%%%%%%%%%%%%%%%%%%%%
                #####################     %%%%%%%%%%%%%%%%%%%%%
                ######################     %%%%%%%%%%%%%%%%%%%%
                #######################     %%%%%%%%%%%%%%%%%%
                 #######################     %%%%%%%%%%%%%%%%%
                 ######################     %%%%%%%%%%%%%%%%%
                  ####################     %%%%%%%%%%%%%%%%%
                    #################     %%%%%%%%%%%%%%%%%
                     ###############     %%%%%%%%%%%%%%%%
                       ############     %%%%%%%%%%%%%%%
                          ########     %%%%%%%%%%%%%%
                                      %%%%%%%%%%%

                 | The OpenMC Monte Carlo Code
       Copyright | 2011-2022 MIT, UChicago Argonne LLC, and contributors
         License | https://docs.openmc.org/en/latest/license.html
         Version | 0.13.0
        Git SHA1 | cff247e35785e7236d67ccf64a3401f0fc50a469
       Date/Time | 2024-03-12 15:39:55
   MPI Processes | 1
  OpenMP Threads | 78

 Reading settings XML file...
 Reading cross sections XML file...
 Reading materials XML file...
 Reading geometry XML file...
 Reading Be9 from /software/openmc/data/v0.13.0/lanl_endfb71/Be9.h5
 Reading F19 from /software/openmc/data/v0.13.0/lanl_endfb71/F19.h5
 Reading Li6 from /software/openmc/data/v0.13.0/lanl_endfb71/Li6.h5
 Reading Li7 from /software/openmc/data/v0.13.0/lanl_endfb71/Li7.h5
 Reading U235 from /software/openmc/data/v0.13.0/lanl_endfb71/U235.h5
 Reading U238 from /software/openmc/data/v0.13.0/lanl_endfb71/U238.h5
 Reading Zr90 from /software/openmc/data/v0.13.0/lanl_endfb71/Zr90.h5
 Reading Zr91 from /software/openmc/data/v0.13.0/lanl_endfb71/Zr91.h5
 Reading Zr92 from /software/openmc/data/v0.13.0/lanl_endfb71/Zr92.h5
 Reading Zr94 from /software/openmc/data/v0.13.0/lanl_endfb71/Zr94.h5
 Reading Zr96 from /software/openmc/data/v0.13.0/lanl_endfb71/Zr96.h5
 Reading C0 from /software/openmc/data/v0.13.0/lanl_endfb71/C0.h5
 Reading c_Graphite from
 /software/openmc/data/v0.13.0/lanl_endfb71/c_Graphite.h5
 Minimum neutron data temperature: 600 K
 Maximum neutron data temperature: 900 K
 Reading tallies XML file...
 Preparing distributed cell instances...
 Reading plot XML file...
 Writing summary.h5 file...

 =================>     STOCHASTIC VOLUME CALCULATION     <=================

 Running volume calculation 1
   Cell 1: 501060.9334480256 +/- 379.9316289203185 cm^3
   Cell 2: 1747865.2700073717 +/- 534.4238302544899 cm^3
   Cell 3: 394303.8735270274 +/- 343.2235828178586 cm^3
   Cell 4: 13192.488858521127 +/- 66.66464968590977 cm^3
 Elapsed time: 0.515744226 s
                                %%%%%%%%%%%%%%%
                           %%%%%%%%%%%%%%%%%%%%%%%%
                        %%%%%%%%%%%%%%%%%%%%%%%%%%%%%%
                      %%%%%%%%%%%%%%%%%%%%%%%%%%%%%%%%%%
                    %%%%%%%%%%%%%%%%%%%%%%%%%%%%%%%%%%%%%%
                   %%%%%%%%%%%%%%%%%%%%%%%%%%%%%%%%%%%%%%%%
                                    %%%%%%%%%%%%%%%%%%%%%%%%
                                     %%%%%%%%%%%%%%%%%%%%%%%%
                 ###############      %%%%%%%%%%%%%%%%%%%%%%%%
                ##################     %%%%%%%%%%%%%%%%%%%%%%%
                ###################     %%%%%%%%%%%%%%%%%%%%%%%
                ####################     %%%%%%%%%%%%%%%%%%%%%%
                #####################     %%%%%%%%%%%%%%%%%%%%%
                ######################     %%%%%%%%%%%%%%%%%%%%
                #######################     %%%%%%%%%%%%%%%%%%
                 #######################     %%%%%%%%%%%%%%%%%
                 ######################     %%%%%%%%%%%%%%%%%
                  ####################     %%%%%%%%%%%%%%%%%
                    #################     %%%%%%%%%%%%%%%%%
                     ###############     %%%%%%%%%%%%%%%%
                       ############     %%%%%%%%%%%%%%%
                          ########     %%%%%%%%%%%%%%
                                      %%%%%%%%%%%

                 | The OpenMC Monte Carlo Code
       Copyright | 2011-2022 MIT, UChicago Argonne LLC, and contributors
         License | https://docs.openmc.org/en/latest/license.html
         Version | 0.13.0
        Git SHA1 | cff247e35785e7236d67ccf64a3401f0fc50a469
       Date/Time | 2024-03-12 15:40:07
   MPI Processes | 1
  OpenMP Threads | 78

 Reading settings XML file...
 Reading cross sections XML file...
 Reading materials XML file...
 Reading geometry XML file...
 Reading Be9 from /software/openmc/data/v0.13.0/lanl_endfb71/Be9.h5
 Reading F19 from /software/openmc/data/v0.13.0/lanl_endfb71/F19.h5
 Reading Li6 from /software/openmc/data/v0.13.0/lanl_endfb71/Li6.h5
 Reading Li7 from /software/openmc/data/v0.13.0/lanl_endfb71/Li7.h5
 Reading U235 from /software/openmc/data/v0.13.0/lanl_endfb71/U235.h5
 Reading U238 from /software/openmc/data/v0.13.0/lanl_endfb71/U238.h5
 Reading Zr90 from /software/openmc/data/v0.13.0/lanl_endfb71/Zr90.h5
 Reading Zr91 from /software/openmc/data/v0.13.0/lanl_endfb71/Zr91.h5
 Reading Zr92 from /software/openmc/data/v0.13.0/lanl_endfb71/Zr92.h5
 Reading Zr94 from /software/openmc/data/v0.13.0/lanl_endfb71/Zr94.h5
 Reading Zr96 from /software/openmc/data/v0.13.0/lanl_endfb71/Zr96.h5
 Reading C0 from /software/openmc/data/v0.13.0/lanl_endfb71/C0.h5
 Reading c_Graphite from
 /software/openmc/data/v0.13.0/lanl_endfb71/c_Graphite.h5
 Minimum neutron data temperature: 600 K
 Maximum neutron data temperature: 900 K
 Reading tallies XML file...
 Preparing distributed cell instances...
 Reading plot XML file...
 Writing summary.h5 file...
 WARNING: Cell overlap checking is ON.
 Maximum neutron transport energy: 20000000 eV for Be9
 Initializing source particles...

 ====================>     K EIGENVALUE SIMULATION     <====================

  Bat./Gen.      k            Average k
  =========   ========   ====================
        1/1    1.48156
        2/1    1.18014
        3/1    1.03965
        4/1    0.99632
        5/1    0.97962
        6/1    0.97359
        7/1    0.97168
        8/1    0.97049
        9/1    0.97239
       10/1    0.97061
       11/1    0.97087
       12/1    0.97167
       13/1    0.97014
       14/1    0.97369
       15/1    0.96704
       16/1    0.97007
       17/1    0.97050
       18/1    0.96974
       19/1    0.96874
       20/1    0.97054
       21/1    0.97136
       22/1    0.97259
       23/1    0.96747
       24/1    0.97159
       25/1    0.96971
       26/1    0.96850
       27/1    0.96950
       28/1    0.97575
       29/1    0.97215
       30/1    0.97050
       31/1    0.97003
       32/1    0.96761
       33/1    0.96547
       34/1    0.96864
       35/1    0.97277
       36/1    0.96629
       37/1    0.97076
       38/1    0.96941
       39/1    0.97281
       40/1    0.96811
       41/1    0.97393
       42/1    0.97069
       43/1    0.96952
       44/1    0.97112
       45/1    0.96984
       46/1    0.97183
       47/1    0.97112
       48/1    0.97074
       49/1    0.96978
       50/1    0.97001
       51/1    0.96972
       52/1    0.97077    0.97024 +/- 0.00052
       53/1    0.97156    0.97068 +/- 0.00053
       54/1    0.97036    0.97060 +/- 0.00038
       55/1    0.96977    0.97043 +/- 0.00034
       56/1    0.96930    0.97025 +/- 0.00034
       57/1    0.97182    0.97047 +/- 0.00036
       58/1    0.97240    0.97071 +/- 0.00040
       59/1    0.97520    0.97121 +/- 0.00061
       60/1    0.97426    0.97152 +/- 0.00062
       61/1    0.96931    0.97131 +/- 0.00060
       62/1    0.97020    0.97122 +/- 0.00055
       63/1    0.97063    0.97118 +/- 0.00051
       64/1    0.97456    0.97142 +/- 0.00053
       65/1    0.97039    0.97135 +/- 0.00050
       66/1    0.96864    0.97118 +/- 0.00050
       67/1    0.97222    0.97124 +/- 0.00047
       68/1    0.96826    0.97108 +/- 0.00047
       69/1    0.96636    0.97083 +/- 0.00051
       70/1    0.96842    0.97071 +/- 0.00050
       71/1    0.97298    0.97081 +/- 0.00049
       72/1    0.96721    0.97065 +/- 0.00049
       73/1    0.96940    0.97060 +/- 0.00048
       74/1    0.97033    0.97059 +/- 0.00046
       75/1    0.96960    0.97055 +/- 0.00044
       76/1    0.97239    0.97062 +/- 0.00043
       77/1    0.96817    0.97053 +/- 0.00042
       78/1    0.96994    0.97051 +/- 0.00041
       79/1    0.96984    0.97048 +/- 0.00039
       80/1    0.96942    0.97045 +/- 0.00038
       81/1    0.97066    0.97045 +/- 0.00037
       82/1    0.97055    0.97046 +/- 0.00036
       83/1    0.97098    0.97047 +/- 0.00035
       84/1    0.97247    0.97053 +/- 0.00034
       85/1    0.97008    0.97052 +/- 0.00033
       86/1    0.97103    0.97053 +/- 0.00032
       87/1    0.97262    0.97059 +/- 0.00032
       88/1    0.97017    0.97058 +/- 0.00031
       89/1    0.96955    0.97055 +/- 0.00030
       90/1    0.97068    0.97056 +/- 0.00030
       91/1    0.96952    0.97053 +/- 0.00029
       92/1    0.97096    0.97054 +/- 0.00028
       93/1    0.97110    0.97055 +/- 0.00028
       94/1    0.97080    0.97056 +/- 0.00027
       95/1    0.97051    0.97056 +/- 0.00026
       96/1    0.96956    0.97054 +/- 0.00026
       97/1    0.96877    0.97050 +/- 0.00026
       98/1    0.97084    0.97051 +/- 0.00025
       99/1    0.97232    0.97054 +/- 0.00025
      100/1    0.97326    0.97060 +/- 0.00025
      101/1    0.97020    0.97059 +/- 0.00024
      102/1    0.96622    0.97051 +/- 0.00025
      103/1    0.96961    0.97049 +/- 0.00025
      104/1    0.97060    0.97049 +/- 0.00025
      105/1    0.97151    0.97051 +/- 0.00024
      106/1    0.97373    0.97057 +/- 0.00024
      107/1    0.96963    0.97055 +/- 0.00024
      108/1    0.96924    0.97053 +/- 0.00024
      109/1    0.96840    0.97049 +/- 0.00024
      110/1    0.97247    0.97052 +/- 0.00023
      111/1    0.97297    0.97056 +/- 0.00023
      112/1    0.97236    0.97059 +/- 0.00023
      113/1    0.97313    0.97063 +/- 0.00023
      114/1    0.97036    0.97063 +/- 0.00023
      115/1    0.97107    0.97064 +/- 0.00022
      116/1    0.96798    0.97060 +/- 0.00022
      117/1    0.96832    0.97056 +/- 0.00022
      118/1    0.96979    0.97055 +/- 0.00022
      119/1    0.97058    0.97055 +/- 0.00022
      120/1    0.97138    0.97056 +/- 0.00022
      121/1    0.96990    0.97055 +/- 0.00021
      122/1    0.97209    0.97057 +/- 0.00021
      123/1    0.96806    0.97054 +/- 0.00021
      124/1    0.97199    0.97056 +/- 0.00021
      125/1    0.96617    0.97050 +/- 0.00021
      126/1    0.97076    0.97050 +/- 0.00021
      127/1    0.96985    0.97050 +/- 0.00021
      128/1    0.96943    0.97048 +/- 0.00021
      129/1    0.96918    0.97047 +/- 0.00020
      130/1    0.97030    0.97046 +/- 0.00020
      131/1    0.96848    0.97044 +/- 0.00020
      132/1    0.97092    0.97045 +/- 0.00020
      133/1    0.97059    0.97045 +/- 0.00020
      134/1    0.96953    0.97044 +/- 0.00019
      135/1    0.96772    0.97040 +/- 0.00019
      136/1    0.97161    0.97042 +/- 0.00019
      137/1    0.96846    0.97040 +/- 0.00019
      138/1    0.96917    0.97038 +/- 0.00019
      139/1    0.96955    0.97037 +/- 0.00019
      140/1    0.97368    0.97041 +/- 0.00019
      141/1    0.97035    0.97041 +/- 0.00019
      142/1    0.97376    0.97044 +/- 0.00019
      143/1    0.97317    0.97047 +/- 0.00019
      144/1    0.97015    0.97047 +/- 0.00019
      145/1    0.97351    0.97050 +/- 0.00019
      146/1    0.97340    0.97053 +/- 0.00019
      147/1    0.97015    0.97053 +/- 0.00019
      148/1    0.96955    0.97052 +/- 0.00018
      149/1    0.97227    0.97054 +/- 0.00018
      150/1    0.96851    0.97052 +/- 0.00018
      151/1    0.97233    0.97053 +/- 0.00018
      152/1    0.97163    0.97054 +/- 0.00018
      153/1    0.97006    0.97054 +/- 0.00018
      154/1    0.96863    0.97052 +/- 0.00018
      155/1    0.97291    0.97054 +/- 0.00018
      156/1    0.97023    0.97054 +/- 0.00018
      157/1    0.97139    0.97055 +/- 0.00017
      158/1    0.97076    0.97055 +/- 0.00017
      159/1    0.97118    0.97056 +/- 0.00017
      160/1    0.96869    0.97054 +/- 0.00017
      161/1    0.96737    0.97051 +/- 0.00017
      162/1    0.96675    0.97048 +/- 0.00017
      163/1    0.97232    0.97049 +/- 0.00017
      164/1    0.97050    0.97049 +/- 0.00017
      165/1    0.97208    0.97051 +/- 0.00017
      166/1    0.97005    0.97050 +/- 0.00017
      167/1    0.97161    0.97051 +/- 0.00017
      168/1    0.96886    0.97050 +/- 0.00017
      169/1    0.97146    0.97051 +/- 0.00017
      170/1    0.96992    0.97050 +/- 0.00016
      171/1    0.97287    0.97052 +/- 0.00016
      172/1    0.97210    0.97054 +/- 0.00016
      173/1    0.97288    0.97055 +/- 0.00016
      174/1    0.96994    0.97055 +/- 0.00016
      175/1    0.96850    0.97053 +/- 0.00016
      176/1    0.96807    0.97051 +/- 0.00016
      177/1    0.97141    0.97052 +/- 0.00016
      178/1    0.97099    0.97052 +/- 0.00016
      179/1    0.97211    0.97054 +/- 0.00016
      180/1    0.96919    0.97053 +/- 0.00016
      181/1    0.97153    0.97053 +/- 0.00016
      182/1    0.97125    0.97054 +/- 0.00016
      183/1    0.97085    0.97054 +/- 0.00015
      184/1    0.97033    0.97054 +/- 0.00015
      185/1    0.97584    0.97058 +/- 0.00016
      186/1    0.97029    0.97058 +/- 0.00016
      187/1    0.96993    0.97057 +/- 0.00015
      188/1    0.96921    0.97056 +/- 0.00015
      189/1    0.96733    0.97054 +/- 0.00015
      190/1    0.96932    0.97053 +/- 0.00015
      191/1    0.96733    0.97051 +/- 0.00015
      192/1    0.97014    0.97051 +/- 0.00015
      193/1    0.97106    0.97051 +/- 0.00015
      194/1    0.97221    0.97052 +/- 0.00015
      195/1    0.97087    0.97052 +/- 0.00015
      196/1    0.97127    0.97053 +/- 0.00015
      197/1    0.96789    0.97051 +/- 0.00015
      198/1    0.96858    0.97050 +/- 0.00015
      199/1    0.97299    0.97051 +/- 0.00015
      200/1    0.97168    0.97052 +/- 0.00015
      201/1    0.97212    0.97053 +/- 0.00015
      202/1    0.96973    0.97053 +/- 0.00015
      203/1    0.97004    0.97052 +/- 0.00015
      204/1    0.96949    0.97052 +/- 0.00014
      205/1    0.96964    0.97051 +/- 0.00014
      206/1    0.96824    0.97050 +/- 0.00014
      207/1    0.97102    0.97050 +/- 0.00014
      208/1    0.97075    0.97050 +/- 0.00014
      209/1    0.97240    0.97051 +/- 0.00014
      210/1    0.96874    0.97050 +/- 0.00014
      211/1    0.96866    0.97049 +/- 0.00014
      212/1    0.97036    0.97049 +/- 0.00014
      213/1    0.97419    0.97051 +/- 0.00014
      214/1    0.96999    0.97051 +/- 0.00014
      215/1    0.96841    0.97050 +/- 0.00014
      216/1    0.97341    0.97051 +/- 0.00014
      217/1    0.97076    0.97052 +/- 0.00014
      218/1    0.97403    0.97054 +/- 0.00014
      219/1    0.97222    0.97055 +/- 0.00014
      220/1    0.97087    0.97055 +/- 0.00014
      221/1    0.96812    0.97053 +/- 0.00014
      222/1    0.97089    0.97054 +/- 0.00014
      223/1    0.97147    0.97054 +/- 0.00014
      224/1    0.97038    0.97054 +/- 0.00014
      225/1    0.97023    0.97054 +/- 0.00014
      226/1    0.97386    0.97056 +/- 0.00014
      227/1    0.97398    0.97058 +/- 0.00014
      228/1    0.97118    0.97058 +/- 0.00014
      229/1    0.97303    0.97059 +/- 0.00014
      230/1    0.96746    0.97058 +/- 0.00014
      231/1    0.96724    0.97056 +/- 0.00014
      232/1    0.97022    0.97056 +/- 0.00014
      233/1    0.96925    0.97055 +/- 0.00014
      234/1    0.97203    0.97056 +/- 0.00014
      235/1    0.97844    0.97060 +/- 0.00014
      236/1    0.96918    0.97059 +/- 0.00014
      237/1    0.97157    0.97060 +/- 0.00014
      238/1    0.97189    0.97060 +/- 0.00014
      239/1    0.96816    0.97059 +/- 0.00014
      240/1    0.96983    0.97059 +/- 0.00014
      241/1    0.97106    0.97059 +/- 0.00014
      242/1    0.96994    0.97059 +/- 0.00014
      243/1    0.96854    0.97058 +/- 0.00014
      244/1    0.96594    0.97055 +/- 0.00014
      245/1    0.97058    0.97055 +/- 0.00014
      246/1    0.96738    0.97054 +/- 0.00014
      247/1    0.96973    0.97053 +/- 0.00014
      248/1    0.96953    0.97053 +/- 0.00014
      249/1    0.97012    0.97053 +/- 0.00014
      250/1    0.96530    0.97050 +/- 0.00014
      251/1    0.96486    0.97047 +/- 0.00014
      252/1    0.96851    0.97046 +/- 0.00014
      253/1    0.97132    0.97047 +/- 0.00014
      254/1    0.97067    0.97047 +/- 0.00014
      255/1    0.97019    0.97047 +/- 0.00014
      256/1    0.96819    0.97045 +/- 0.00014
      257/1    0.96883    0.97045 +/- 0.00014
      258/1    0.97048    0.97045 +/- 0.00014
      259/1    0.96801    0.97043 +/- 0.00014
      260/1    0.97274    0.97045 +/- 0.00014
      261/1    0.97028    0.97044 +/- 0.00013
      262/1    0.97105    0.97045 +/- 0.00013
      263/1    0.97031    0.97045 +/- 0.00013
      264/1    0.97486    0.97047 +/- 0.00013
      265/1    0.96722    0.97045 +/- 0.00013
      266/1    0.96820    0.97044 +/- 0.00013
      267/1    0.97245    0.97045 +/- 0.00013
      268/1    0.97182    0.97046 +/- 0.00013
      269/1    0.97137    0.97046 +/- 0.00013
      270/1    0.96965    0.97046 +/- 0.00013
      271/1    0.96764    0.97045 +/- 0.00013
      272/1    0.97224    0.97045 +/- 0.00013
      273/1    0.96914    0.97045 +/- 0.00013
      274/1    0.97006    0.97045 +/- 0.00013
      275/1    0.96932    0.97044 +/- 0.00013
      276/1    0.96840    0.97043 +/- 0.00013
      277/1    0.97328    0.97044 +/- 0.00013
      278/1    0.97418    0.97046 +/- 0.00013
      279/1    0.97091    0.97046 +/- 0.00013
      280/1    0.97092    0.97046 +/- 0.00013
      281/1    0.97085    0.97047 +/- 0.00013
      282/1    0.96863    0.97046 +/- 0.00013
      283/1    0.97134    0.97046 +/- 0.00013
      284/1    0.97297    0.97047 +/- 0.00013
      285/1    0.96775    0.97046 +/- 0.00013
      286/1    0.96988    0.97046 +/- 0.00013
      287/1    0.96883    0.97045 +/- 0.00013
      288/1    0.97281    0.97046 +/- 0.00013
      289/1    0.96847    0.97045 +/- 0.00013
      290/1    0.97010    0.97045 +/- 0.00013
      291/1    0.96946    0.97045 +/- 0.00013
      292/1    0.96616    0.97043 +/- 0.00013
      293/1    0.97054    0.97043 +/- 0.00013
      294/1    0.97188    0.97044 +/- 0.00013
      295/1    0.97090    0.97044 +/- 0.00013
      296/1    0.97326    0.97045 +/- 0.00013
      297/1    0.97423    0.97047 +/- 0.00013
      298/1    0.97191    0.97047 +/- 0.00013
      299/1    0.96748    0.97046 +/- 0.00013
      300/1    0.97195    0.97047 +/- 0.00013
      301/1    0.97691    0.97049 +/- 0.00013
      302/1    0.96977    0.97049 +/- 0.00013
      303/1    0.96689    0.97047 +/- 0.00013
      304/1    0.96791    0.97046 +/- 0.00013
      305/1    0.97339    0.97048 +/- 0.00013
      306/1    0.97221    0.97048 +/- 0.00013
      307/1    0.97190    0.97049 +/- 0.00013
      308/1    0.96697    0.97047 +/- 0.00013
      309/1    0.96903    0.97047 +/- 0.00013
      310/1    0.97159    0.97047 +/- 0.00013
      311/1    0.97090    0.97047 +/- 0.00013
      312/1    0.97342    0.97049 +/- 0.00013
      313/1    0.96893    0.97048 +/- 0.00013
      314/1    0.97024    0.97048 +/- 0.00012
      315/1    0.97116    0.97048 +/- 0.00012
      316/1    0.96768    0.97047 +/- 0.00012
      317/1    0.97604    0.97049 +/- 0.00013
      318/1    0.96937    0.97049 +/- 0.00013
      319/1    0.97294    0.97050 +/- 0.00013
      320/1    0.97127    0.97050 +/- 0.00012
      321/1    0.96539    0.97048 +/- 0.00013
      322/1    0.97191    0.97049 +/- 0.00013
      323/1    0.96923    0.97048 +/- 0.00012
      324/1    0.96825    0.97047 +/- 0.00012
      325/1    0.97033    0.97047 +/- 0.00012
      326/1    0.96720    0.97046 +/- 0.00012
      327/1    0.96949    0.97046 +/- 0.00012
      328/1    0.97256    0.97046 +/- 0.00012
      329/1    0.96676    0.97045 +/- 0.00012
      330/1    0.97191    0.97046 +/- 0.00012
      331/1    0.97059    0.97046 +/- 0.00012
      332/1    0.96738    0.97045 +/- 0.00012
      333/1    0.97373    0.97046 +/- 0.00012
      334/1    0.97007    0.97046 +/- 0.00012
      335/1    0.96781    0.97045 +/- 0.00012
      336/1    0.97306    0.97046 +/- 0.00012
      337/1    0.97009    0.97045 +/- 0.00012
      338/1    0.96818    0.97045 +/- 0.00012
      339/1    0.96540    0.97043 +/- 0.00012
      340/1    0.96984    0.97043 +/- 0.00012
      341/1    0.97070    0.97043 +/- 0.00012
      342/1    0.97220    0.97043 +/- 0.00012
      343/1    0.97045    0.97043 +/- 0.00012
      344/1    0.97477    0.97045 +/- 0.00012
      345/1    0.97170    0.97045 +/- 0.00012
      346/1    0.96956    0.97045 +/- 0.00012
      347/1    0.96808    0.97044 +/- 0.00012
      348/1    0.96815    0.97043 +/- 0.00012
      349/1    0.96866    0.97043 +/- 0.00012
      350/1    0.97237    0.97044 +/- 0.00012
      351/1    0.97020    0.97043 +/- 0.00012
      352/1    0.96622    0.97042 +/- 0.00012
      353/1    0.96873    0.97042 +/- 0.00012
      354/1    0.96975    0.97041 +/- 0.00012
      355/1    0.97268    0.97042 +/- 0.00012
      356/1    0.97304    0.97043 +/- 0.00012
      357/1    0.96978    0.97043 +/- 0.00012
      358/1    0.97270    0.97043 +/- 0.00012
      359/1    0.96880    0.97043 +/- 0.00012
      360/1    0.96774    0.97042 +/- 0.00012
      361/1    0.96796    0.97041 +/- 0.00012
      362/1    0.96731    0.97040 +/- 0.00012
      363/1    0.97132    0.97041 +/- 0.00012
      364/1    0.96934    0.97040 +/- 0.00012
      365/1    0.97270    0.97041 +/- 0.00012
      366/1    0.96964    0.97041 +/- 0.00012
      367/1    0.97105    0.97041 +/- 0.00012
      368/1    0.97137    0.97041 +/- 0.00012
      369/1    0.97033    0.97041 +/- 0.00012
      370/1    0.97295    0.97042 +/- 0.00012
      371/1    0.97043    0.97042 +/- 0.00012
      372/1    0.97298    0.97043 +/- 0.00012
      373/1    0.97283    0.97043 +/- 0.00012
      374/1    0.97077    0.97044 +/- 0.00012
      375/1    0.97262    0.97044 +/- 0.00012
      376/1    0.96577    0.97043 +/- 0.00012
      377/1    0.97282    0.97044 +/- 0.00012
      378/1    0.97144    0.97044 +/- 0.00012
      379/1    0.97177    0.97044 +/- 0.00012
      380/1    0.97251    0.97045 +/- 0.00011
      381/1    0.97462    0.97046 +/- 0.00012
      382/1    0.97118    0.97046 +/- 0.00011
      383/1    0.96774    0.97046 +/- 0.00011
      384/1    0.97361    0.97046 +/- 0.00011
      385/1    0.96787    0.97046 +/- 0.00011
      386/1    0.97114    0.97046 +/- 0.00011
      387/1    0.97046    0.97046 +/- 0.00011
      388/1    0.97160    0.97046 +/- 0.00011
      389/1    0.97317    0.97047 +/- 0.00011
      390/1    0.97144    0.97047 +/- 0.00011
      391/1    0.96716    0.97046 +/- 0.00011
      392/1    0.97007    0.97046 +/- 0.00011
      393/1    0.96757    0.97045 +/- 0.00011
      394/1    0.97116    0.97046 +/- 0.00011
      395/1    0.97321    0.97046 +/- 0.00011
      396/1    0.97175    0.97047 +/- 0.00011
      397/1    0.97001    0.97047 +/- 0.00011
      398/1    0.97355    0.97048 +/- 0.00011
      399/1    0.96891    0.97047 +/- 0.00011
      400/1    0.96749    0.97046 +/- 0.00011
 Creating state point statepoint.400.h5...

 =======================>     TIMING STATISTICS     <=======================

 Total time for initialization     = 8.9881e+00 seconds
   Reading cross sections          = 6.2946e+00 seconds
 Total time in simulation          = 5.1850e+04 seconds
   Time in transport only          = 5.1723e+04 seconds
   Time in inactive batches        = 6.6736e+03 seconds
   Time in active batches          = 4.5177e+04 seconds
   Time synchronizing fission bank = 2.8861e+01 seconds
     Sampling source sites         = 2.5372e+01 seconds
     SEND/RECV source sites        = 3.4695e+00 seconds
   Time accumulating tallies       = 6.7893e+01 seconds
   Time writing statepoints        = 1.5353e+01 seconds
 Total time for finalization       = 2.2888e-01 seconds
 Total time elapsed                = 5.1860e+04 seconds
 Calculation Rate (inactive)       = 3746.09 particles/second
 Calculation Rate (active)         = 3873.69 particles/second

 ============================>     RESULTS     <============================

 k-effective (Collision)     = 0.97042 +/- 0.00010
 k-effective (Track-length)  = 0.97046 +/- 0.00011
 k-effective (Absorption)    = 0.97037 +/- 0.00008
 Combined k-effective        = 0.97038 +/- 0.00008
 Leakage Fraction            = 0.36991 +/- 0.00004


 ==================>     CELL OVERLAP CHECK SUMMARY     <===================

 Cell ID      No. Overlap Checks
        1       26273293158
        2       53901682642
        3         750291335
        4         289229230
        5       81214496365

 There were 0 cells with less than 10 overlap checks

